<?xml version="1.0" encoding="UTF-8"?>
<!-- Generated by org.testng.reporters.JUnitReportReporter -->
<testsuite hostname="LAPTOP-ERPPF1UC" failures="0" tests="1" name="com.aekudaan.hms.hmsTest.cancellingCancelBtnApntmntHstry" time="42.913" errors="0" timestamp="2024-07-05T09:46:38 IST" skipped="0">
  <testcase classname="com.aekudaan.hms.hmsTest.cancellingCancelBtnApntmntHstry" name="CancelAppointmentTest" time="42.913"/>
  <system-out/>
</testsuite> <!-- com.aekudaan.hms.hmsTest.cancellingCancelBtnApntmntHstry -->
