<?xml version="1.0" encoding="UTF-8"?>
<!-- Generated by org.testng.reporters.JUnitReportReporter -->
<testsuite hostname="LAPTOP-ERPPF1UC" failures="0" tests="1" name="com.aekudaan.hms.hmsTest.Patient_NC" time="12.242" errors="0" timestamp="2024-07-08T12:56:46 IST" skipped="0">
  <testcase classname="com.aekudaan.hms.hmsTest.Patient_NC" name="PatientSearch" time="12.242"/>
  <system-out>
    <![CDATA[===== =====>PatientSearch>===START======
DOCTOR login
===patient is ceated===
patientsearch ---clicked
===== =====>PatientSearch>=====END======]]>
  </system-out>
</testsuite> <!-- com.aekudaan.hms.hmsTest.Patient_NC -->
