<?xml version="1.0" encoding="UTF-8"?>
<!-- Generated by org.testng.reporters.JUnitReportReporter -->
<testsuite hostname="DESKTOP-ROIRK3H" failures="0" tests="3" name="com.comcase.crm.Admin1.Admin1_Doctor_Test" time="91.499" errors="0" timestamp="06 Jul 2024 07:45:09 GMT" skipped="0">
  <testcase classname="com.comcase.crm.Admin1.Admin1_Doctor_Test" name="addDoctor" time="25.275"/>
  <testcase classname="com.comcase.crm.Admin1.Admin1_Doctor_Test" name="editDoctor" time="39.137"/>
  <testcase classname="com.comcase.crm.Admin1.Admin1_Doctor_Test" name="deleteDoctor" time="27.087"/>
</testsuite> <!-- com.comcase.crm.Admin1.Admin1_Doctor_Test -->
