<?xml version="1.0" encoding="UTF-8"?>
<!-- Generated by org.testng.reporters.JUnitReportReporter -->
<testsuite hostname="LAPTOP-ERPPF1UC" failures="0" tests="1" name="com.aekudaan.hms.hmsTest.Patient" time="11.132" errors="0" timestamp="2024-07-06T11:45:09 IST" skipped="0">
  <testcase classname="com.aekudaan.hms.hmsTest.Patient" name="PatientSearch" time="11.132"/>
  <system-out>
    <![CDATA[===== =====>PatientSearch>===START======
DOCTOR login
===patient is ceated===
patientsearch ---clicked
===== =====>PatientSearch>=====END======]]>
  </system-out>
</testsuite> <!-- com.aekudaan.hms.hmsTest.Patient -->
