<?xml version="1.0" encoding="UTF-8"?>
<!-- Generated by org.testng.reporters.JUnitReportReporter -->
<testsuite hostname="DESKTOP-ROIRK3H" failures="0" tests="2" name="com.comcase.crm.Admin1.Admin1_patient_user_Test" time="82.871" errors="0" timestamp="06 Jul 2024 07:45:09 GMT" skipped="0">
  <testcase classname="com.comcase.crm.Admin1.Admin1_patient_user_Test" name="deleteUser" time="25.987"/>
  <testcase classname="com.comcase.crm.Admin1.Admin1_patient_user_Test" name="addPaitient" time="56.884"/>
</testsuite> <!-- com.comcase.crm.Admin1.Admin1_patient_user_Test -->
