<?xml version="1.0" encoding="UTF-8"?>
<!-- Generated by org.testng.reporters.JUnitReportReporter -->
<testsuite hostname="DESKTOP-UU0A01F" failures="0" tests="1" name="com.comcast.hms.doctorModule.BookAndCancelAppointmentAndViewInAppointmentHistory" time="18.504" errors="0" timestamp="07 Jul 2024 13:49:46 GMT" skipped="0">
  <testcase classname="com.comcast.hms.doctorModule.BookAndCancelAppointmentAndViewInAppointmentHistory" name="BookingAndCancelAppointment" time="18.504"/>
</testsuite> <!-- com.comcast.hms.doctorModule.BookAndCancelAppointmentAndViewInAppointmentHistory -->
