<?xml version="1.0" encoding="UTF-8"?>
<!-- Generated by org.testng.reporters.JUnitReportReporter -->
<testsuite hostname="LAPTOP-ERPPF1UC" failures="0" tests="1" name="com.aekudaan.hms.hmsTest.AppntmntHistry_NC" time="18.579" errors="0" timestamp="2024-07-08T12:56:46 IST" skipped="0">
  <testcase classname="com.aekudaan.hms.hmsTest.AppntmntHistry_NC" name="AppHistoryTest" time="18.579"/>
  <system-out>
    <![CDATA[===== =====>AppHistoryTest>===START======
===patient login===
Kani
Cardiology12
data enterds
24
completed
===== =====>AppHistoryTest>=====END======]]>
  </system-out>
</testsuite> <!-- com.aekudaan.hms.hmsTest.AppntmntHistry_NC -->
