<?xml version="1.0" encoding="UTF-8"?>
<!-- Generated by org.testng.reporters.JUnitReportReporter -->
<testsuite hostname="LAPTOP-ERPPF1UC" failures="0" tests="1" name="com.aekudaan.hms.hmsTest.CancelAppointmentHistory" time="47.033" errors="0" timestamp="2024-07-05T09:44:46 IST" skipped="0">
  <testcase classname="com.aekudaan.hms.hmsTest.CancelAppointmentHistory" name="CancelAppointmentTest" time="47.033"/>
  <system-out/>
</testsuite> <!-- com.aekudaan.hms.hmsTest.CancelAppointmentHistory -->
