<?xml version="1.0" encoding="UTF-8"?>
<!-- Generated by org.testng.reporters.JUnitReportReporter -->
<testsuite hostname="LAPTOP-ERPPF1UC" failures="0" tests="1" name="com.aekudaan.hms.hmsTest.AdminTest" time="29.959" errors="0" timestamp="2024-07-06T11:49:14 IST" skipped="0">
  <testcase classname="com.aekudaan.hms.hmsTest.AdminTest" name="adminTest" time="29.959"/>
  <system-out>
    <![CDATA[===== =====>adminTest>===START======
Ronit_3361
WestBengal
Kolkata
neel_4745
@gmail.com
123456
123456
succefully
===== =====>adminTest>=====END======]]>
  </system-out>
</testsuite> <!-- com.aekudaan.hms.hmsTest.AdminTest -->
