<?xml version="1.0" encoding="UTF-8"?>
<!-- Generated by org.testng.reporters.JUnitReportReporter -->
<testsuite hostname="LAPTOP-ERPPF1UC" failures="0" tests="1" name="com.aekudaan.hms.hmsTest.CancelAppointmentHistory_NC" time="24.032" errors="0" timestamp="2024-07-08T12:56:46 IST" skipped="0">
  <testcase classname="com.aekudaan.hms.hmsTest.CancelAppointmentHistory_NC" name="CancelAppointmentTest" time="24.032"/>
  <system-out>
    <![CDATA[===== =====>CancelAppointmentTest>===START======
===patient login===
Kani
Cardiology12
data enterds
appointment====
Appointment History is clicked
24
completed
===== =====>CancelAppointmentTest>=====END======]]>
  </system-out>
</testsuite> <!-- com.aekudaan.hms.hmsTest.CancelAppointmentHistory_NC -->
