<?xml version="1.0" encoding="UTF-8"?>
<!-- Generated by org.testng.reporters.JUnitReportReporter -->
<testsuite hostname="DESKTOP-ROIRK3H" failures="0" tests="5" name="com.comcase.crm.Admin1.Doctor_Test" time="204.030" errors="0" timestamp="06 Jul 2024 05:06:31 GMT" skipped="0">
  <testcase classname="com.comcase.crm.Admin1.Doctor_Test" name="deleteUser" time="62.299"/>
  <testcase classname="com.comcase.crm.Admin1.Doctor_Test" name="addDoctor" time="50.112"/>
  <testcase classname="com.comcase.crm.Admin1.Doctor_Test" name="editDoctor" time="23.374"/>
  <testcase classname="com.comcase.crm.Admin1.Doctor_Test" name="addPaitient" time="40.396"/>
  <testcase classname="com.comcase.crm.Admin1.Doctor_Test" name="deleteDoctor" time="27.849"/>
</testsuite> <!-- com.comcase.crm.Admin1.Doctor_Test -->
