<?xml version="1.0" encoding="UTF-8"?>
<!-- Generated by org.testng.reporters.JUnitReportReporter -->
<testsuite hostname="LAPTOP-ERPPF1UC" failures="0" tests="1" name="com.aekudaan.hms.hmsTest.AdminTest_NC" time="11.518" errors="0" timestamp="2024-07-08T12:56:46 IST" skipped="0">
  <testcase classname="com.aekudaan.hms.hmsTest.AdminTest_NC" name="adminTest" time="11.518"/>
  <system-out>
    <![CDATA[===== =====>adminTest>===START======
Ronit_1313
WestBengal
Kolkata
neel_1539
@gmail.com
123456
123456
succefully
===== =====>adminTest>=====END======]]>
  </system-out>
</testsuite> <!-- com.aekudaan.hms.hmsTest.AdminTest_NC -->
