<?xml version="1.0" encoding="UTF-8"?>
<!-- Generated by org.testng.reporters.JUnitReportReporter -->
<testsuite hostname="LAPTOP-ERPPF1UC" failures="0" tests="1" name="com.aekudaan.hms.hmsTest.AppntmntHistry" time="12.364" errors="0" timestamp="2024-07-05T09:47:08 IST" skipped="0">
  <testcase classname="com.aekudaan.hms.hmsTest.AppntmntHistry" name="AppHistoryTest" time="12.364"/>
  <system-out/>
</testsuite> <!-- com.aekudaan.hms.hmsTest.AppntmntHistry -->
